<?xml version="1.0" encoding="UTF-8"?>
<!-- Generated by org.testng.reporters.JUnitReportReporter -->
<testsuite hostname="TYP1784" failures="0" tests="1" name="Revision.DSW" time="3.613" errors="0" timestamp="2023-03-01T12:50:49 IST" skipped="0">
  <testcase classname="Revision.DSW" name="homePage" time="3.613"/>
  <system-out/>
</testsuite> <!-- Revision.DSW -->
