<?xml version="1.0" encoding="UTF-8"?>
<!-- Generated by org.testng.reporters.JUnitReportReporter -->
<testsuite hostname="TYP1784" failures="0" tests="1" name="Revision.TC_DSW_001" time="5.976" errors="0" timestamp="2023-03-01T13:13:27 IST" skipped="0">
  <testcase classname="Revision.TC_DSW_001" name="homePage" time="5.976"/>
  <system-out>
Home Page Landed Successfully  </system-out>
</testsuite> <!-- Revision.TC_DSW_001 -->
